cl : command line warning D9035: option 'Gm' has been deprecated and will be removed in a future release
  main.cpp
C:\Users\there\OneDrive\Plocha\WarhorseTestZadaní\space invaders\main.cpp(152,46): warning C4305: 'argument': truncation from 'double' to 'float'
C:\Users\there\OneDrive\Plocha\WarhorseTestZadaní\space invaders\main.cpp(153,49): warning C4305: 'argument': truncation from 'double' to 'float'
C:\Users\there\OneDrive\Plocha\WarhorseTestZadaní\space invaders\main.cpp(154,49): warning C4305: 'argument': truncation from 'double' to 'float'
C:\Users\there\OneDrive\Plocha\WarhorseTestZadaní\space invaders\main.cpp(155,50): warning C4305: 'argument': truncation from 'double' to 'float'
C:\Users\there\OneDrive\Plocha\WarhorseTestZadaní\space invaders\main.cpp(156,49): warning C4305: 'argument': truncation from 'double' to 'float'
C:\Users\there\OneDrive\Plocha\WarhorseTestZadaní\space invaders\main.cpp(163,35): warning C4244: '+=': conversion from 'double' to 'float', possible loss of data
C:\Users\there\OneDrive\Plocha\WarhorseTestZadaní\space invaders\main.cpp(166,36): warning C4244: '+=': conversion from 'double' to 'float', possible loss of data
C:\Users\there\OneDrive\Plocha\WarhorseTestZadaní\space invaders\main.cpp(167,36): warning C4244: '+=': conversion from 'double' to 'float', possible loss of data
C:\Users\there\OneDrive\Plocha\WarhorseTestZadaní\space invaders\main.cpp(181,36): warning C4244: 'argument': conversion from 'float' to 'int', possible loss of data
C:\Users\there\OneDrive\Plocha\WarhorseTestZadaní\space invaders\main.cpp(182,15): warning C4244: 'argument': conversion from 'float' to 'int', possible loss of data
C:\Users\there\OneDrive\Plocha\WarhorseTestZadaní\space invaders\main.cpp(188,36): warning C4244: 'argument': conversion from 'float' to 'int', possible loss of data
C:\Users\there\OneDrive\Plocha\WarhorseTestZadaní\space invaders\main.cpp(189,15): warning C4244: 'argument': conversion from 'float' to 'int', possible loss of data
C:\Users\there\OneDrive\Plocha\WarhorseTestZadaní\space invaders\main.cpp(217,15): warning C4244: 'argument': conversion from 'float' to 'int', possible loss of data
C:\Users\there\OneDrive\Plocha\WarhorseTestZadaní\space invaders\main.cpp(285,46): warning C4305: 'argument': truncation from 'double' to 'float'
C:\Users\there\OneDrive\Plocha\WarhorseTestZadaní\space invaders\main.cpp(286,50): warning C4305: 'argument': truncation from 'double' to 'float'
C:\Users\there\OneDrive\Plocha\WarhorseTestZadaní\space invaders\main.cpp(287,50): warning C4305: 'argument': truncation from 'double' to 'float'
C:\Users\there\OneDrive\Plocha\WarhorseTestZadaní\space invaders\main.cpp(288,50): warning C4305: 'argument': truncation from 'double' to 'float'
C:\Users\there\OneDrive\Plocha\WarhorseTestZadaní\space invaders\main.cpp(295,35): warning C4244: '-=': conversion from 'double' to 'float', possible loss of data
C:\Users\there\OneDrive\Plocha\WarhorseTestZadaní\space invaders\main.cpp(298,36): warning C4244: '-=': conversion from 'double' to 'float', possible loss of data
C:\Users\there\OneDrive\Plocha\WarhorseTestZadaní\space invaders\main.cpp(307,23): warning C4305: '+=': truncation from 'double' to 'float'
C:\Users\there\OneDrive\Plocha\WarhorseTestZadaní\space invaders\main.cpp(310,35): warning C4244: '-=': conversion from 'double' to 'float', possible loss of data
C:\Users\there\OneDrive\Plocha\WarhorseTestZadaní\space invaders\main.cpp(312,37): warning C4244: '+=': conversion from 'double' to 'float', possible loss of data
C:\Users\there\OneDrive\Plocha\WarhorseTestZadaní\space invaders\main.cpp(317,46): warning C4305: 'argument': truncation from 'double' to 'float'
C:\Users\there\OneDrive\Plocha\WarhorseTestZadaní\space invaders\main.cpp(318,50): warning C4305: 'argument': truncation from 'double' to 'float'
C:\Users\there\OneDrive\Plocha\WarhorseTestZadaní\space invaders\main.cpp(319,50): warning C4305: 'argument': truncation from 'double' to 'float'
C:\Users\there\OneDrive\Plocha\WarhorseTestZadaní\space invaders\main.cpp(320,50): warning C4305: 'argument': truncation from 'double' to 'float'
C:\Users\there\OneDrive\Plocha\WarhorseTestZadaní\space invaders\main.cpp(367,24): warning C4244: 'argument': conversion from 'float' to 'int', possible loss of data
C:\Users\there\OneDrive\Plocha\WarhorseTestZadaní\space invaders\main.cpp(367,15): warning C4244: 'argument': conversion from 'float' to 'int', possible loss of data
C:\Users\there\OneDrive\Plocha\WarhorseTestZadaní\space invaders\main.cpp(369,60): warning C4244: 'argument': conversion from 'float' to 'int', possible loss of data
C:\Users\there\OneDrive\Plocha\WarhorseTestZadaní\space invaders\main.cpp(443,46): warning C4305: 'argument': truncation from 'double' to 'float'
C:\Users\there\OneDrive\Plocha\WarhorseTestZadaní\space invaders\main.cpp(444,50): warning C4305: 'argument': truncation from 'double' to 'float'
C:\Users\there\OneDrive\Plocha\WarhorseTestZadaní\space invaders\main.cpp(445,50): warning C4305: 'argument': truncation from 'double' to 'float'
C:\Users\there\OneDrive\Plocha\WarhorseTestZadaní\space invaders\main.cpp(446,50): warning C4305: 'argument': truncation from 'double' to 'float'
C:\Users\there\OneDrive\Plocha\WarhorseTestZadaní\space invaders\main.cpp(453,35): warning C4244: '-=': conversion from 'double' to 'float', possible loss of data
C:\Users\there\OneDrive\Plocha\WarhorseTestZadaní\space invaders\main.cpp(456,36): warning C4244: '-=': conversion from 'double' to 'float', possible loss of data
C:\Users\there\OneDrive\Plocha\WarhorseTestZadaní\space invaders\main.cpp(462,21): warning C4305: '+=': truncation from 'double' to 'float'
C:\Users\there\OneDrive\Plocha\WarhorseTestZadaní\space invaders\main.cpp(466,46): warning C4305: 'argument': truncation from 'double' to 'float'
C:\Users\there\OneDrive\Plocha\WarhorseTestZadaní\space invaders\main.cpp(467,50): warning C4305: 'argument': truncation from 'double' to 'float'
C:\Users\there\OneDrive\Plocha\WarhorseTestZadaní\space invaders\main.cpp(468,50): warning C4305: 'argument': truncation from 'double' to 'float'
C:\Users\there\OneDrive\Plocha\WarhorseTestZadaní\space invaders\main.cpp(469,50): warning C4305: 'argument': truncation from 'double' to 'float'
C:\Users\there\OneDrive\Plocha\WarhorseTestZadaní\space invaders\main.cpp(518,24): warning C4244: 'argument': conversion from 'float' to 'int', possible loss of data
C:\Users\there\OneDrive\Plocha\WarhorseTestZadaní\space invaders\main.cpp(518,15): warning C4244: 'argument': conversion from 'float' to 'int', possible loss of data
C:\Users\there\OneDrive\Plocha\WarhorseTestZadaní\space invaders\main.cpp(520,60): warning C4244: 'argument': conversion from 'float' to 'int', possible loss of data
C:\Users\there\OneDrive\Plocha\WarhorseTestZadaní\space invaders\main.cpp(579,29): warning C4305: '=': truncation from 'double' to 'float'
C:\Users\there\OneDrive\Plocha\WarhorseTestZadaní\space invaders\main.cpp(588,24): warning C4244: '=': conversion from 'int' to 'float', possible loss of data
C:\Users\there\OneDrive\Plocha\WarhorseTestZadaní\space invaders\main.cpp(613,46): warning C4244: '=': conversion from 'int' to 'float', possible loss of data
C:\Users\there\OneDrive\Plocha\WarhorseTestZadaní\space invaders\main.cpp(619,46): warning C4244: '=': conversion from 'int' to 'float', possible loss of data
C:\Users\there\OneDrive\Plocha\WarhorseTestZadaní\space invaders\main.cpp(625,46): warning C4244: '=': conversion from 'int' to 'float', possible loss of data
C:\Users\there\OneDrive\Plocha\WarhorseTestZadaní\space invaders\main.cpp(633,47): warning C4244: '=': conversion from 'int' to 'float', possible loss of data
C:\Users\there\OneDrive\Plocha\WarhorseTestZadaní\space invaders\main.cpp(634,44): warning C4244: '=': conversion from 'int' to 'float', possible loss of data
C:\Users\there\OneDrive\Plocha\WarhorseTestZadaní\space invaders\main.cpp(653,47): warning C4244: '=': conversion from 'int' to 'float', possible loss of data
C:\Users\there\OneDrive\Plocha\WarhorseTestZadaní\space invaders\main.cpp(654,44): warning C4244: '=': conversion from 'int' to 'float', possible loss of data
C:\Users\there\OneDrive\Plocha\WarhorseTestZadaní\space invaders\main.cpp(687,47): warning C4244: '=': conversion from 'int' to 'float', possible loss of data
C:\Users\there\OneDrive\Plocha\WarhorseTestZadaní\space invaders\main.cpp(694,49): warning C4244: '=': conversion from 'int' to 'float', possible loss of data
C:\Users\there\OneDrive\Plocha\WarhorseTestZadaní\space invaders\main.cpp(695,46): warning C4244: '=': conversion from 'int' to 'float', possible loss of data
C:\Users\there\OneDrive\Plocha\WarhorseTestZadaní\space invaders\main.cpp(699,48): warning C4244: '=': conversion from 'int' to 'float', possible loss of data
C:\Users\there\OneDrive\Plocha\WarhorseTestZadaní\space invaders\main.cpp(700,45): warning C4244: '=': conversion from 'int' to 'float', possible loss of data
C:\Users\there\OneDrive\Plocha\WarhorseTestZadaní\space invaders\main.cpp(708,46): warning C4244: '=': conversion from 'int' to 'float', possible loss of data
C:\Users\there\OneDrive\Plocha\WarhorseTestZadaní\space invaders\main.cpp(714,46): warning C4244: '=': conversion from 'int' to 'float', possible loss of data
C:\Users\there\OneDrive\Plocha\WarhorseTestZadaní\space invaders\main.cpp(720,46): warning C4244: '=': conversion from 'int' to 'float', possible loss of data
C:\Users\there\OneDrive\Plocha\WarhorseTestZadaní\space invaders\main.cpp(741,17): warning C4305: '+=': truncation from 'double' to 'float'
C:\Users\there\OneDrive\Plocha\WarhorseTestZadaní\space invaders\main.cpp(763,78): warning C4305: 'argument': truncation from 'double' to 'float'
C:\Users\there\OneDrive\Plocha\WarhorseTestZadaní\space invaders\main.cpp(764,66): warning C4305: 'argument': truncation from 'double' to 'float'
C:\Users\there\OneDrive\Plocha\WarhorseTestZadaní\space invaders\main.cpp(765,66): warning C4305: 'argument': truncation from 'double' to 'float'
C:\Users\there\OneDrive\Plocha\WarhorseTestZadaní\space invaders\main.cpp(766,66): warning C4305: 'argument': truncation from 'double' to 'float'
C:\Users\there\OneDrive\Plocha\WarhorseTestZadaní\space invaders\main.cpp(768,94): warning C4244: 'argument': conversion from 'float' to 'int', possible loss of data
C:\Users\there\OneDrive\Plocha\WarhorseTestZadaní\space invaders\main.cpp(768,80): warning C4244: 'argument': conversion from 'float' to 'int', possible loss of data
C:\Users\there\OneDrive\Plocha\WarhorseTestZadaní\space invaders\main.cpp(768,66): warning C4244: 'argument': conversion from 'float' to 'int', possible loss of data
C:\Users\there\OneDrive\Plocha\WarhorseTestZadaní\space invaders\main.cpp(768,48): warning C4244: 'argument': conversion from 'float' to 'int', possible loss of data
C:\Users\there\OneDrive\Plocha\WarhorseTestZadaní\space invaders\main.cpp(782,60): warning C4305: 'argument': truncation from 'double' to 'float'
C:\Users\there\OneDrive\Plocha\WarhorseTestZadaní\space invaders\main.cpp(783,59): warning C4305: 'argument': truncation from 'double' to 'float'
C:\Users\there\OneDrive\Plocha\WarhorseTestZadaní\space invaders\main.cpp(810,65): warning C4305: 'argument': truncation from 'double' to 'float'
C:\Users\there\OneDrive\Plocha\WarhorseTestZadaní\space invaders\main.cpp(818,63): warning C4305: 'argument': truncation from 'double' to 'float'
C:\Users\there\OneDrive\Plocha\WarhorseTestZadaní\space invaders\main.cpp(836,20): warning C4018: '<': signed/unsigned mismatch
C:\Users\there\OneDrive\Plocha\WarhorseTestZadaní\space invaders\main.cpp(862,28): warning C4305: '+=': truncation from 'double' to 'float'
C:\Users\there\OneDrive\Plocha\WarhorseTestZadaní\space invaders\main.cpp(921,21): warning C4018: '<': signed/unsigned mismatch
C:\Users\there\OneDrive\Plocha\WarhorseTestZadaní\space invaders\main.cpp(930,28): warning C4305: '-=': truncation from 'double' to 'float'
C:\Users\there\OneDrive\Plocha\WarhorseTestZadaní\space invaders\main.cpp(944,76): warning C4305: 'argument': truncation from 'double' to 'float'
C:\Users\there\OneDrive\Plocha\WarhorseTestZadaní\space invaders\main.cpp(945,73): warning C4305: 'argument': truncation from 'double' to 'float'
C:\Users\there\OneDrive\Plocha\WarhorseTestZadaní\space invaders\main.cpp(946,84): warning C4305: 'argument': truncation from 'double' to 'float'
C:\Users\there\OneDrive\Plocha\WarhorseTestZadaní\space invaders\main.cpp(947,58): warning C4244: 'argument': conversion from 'float' to 'int', possible loss of data
C:\Users\there\OneDrive\Plocha\WarhorseTestZadaní\space invaders\main.cpp(947,21): warning C4244: 'argument': conversion from 'float' to 'int', possible loss of data
C:\Users\there\OneDrive\Plocha\WarhorseTestZadaní\space invaders\main.cpp(948,57): warning C4244: 'argument': conversion from 'float' to 'int', possible loss of data
C:\Users\there\OneDrive\Plocha\WarhorseTestZadaní\space invaders\main.cpp(948,21): warning C4244: 'argument': conversion from 'float' to 'int', possible loss of data
C:\Users\there\OneDrive\Plocha\WarhorseTestZadaní\space invaders\main.cpp(1013,24): warning C4244: 'initializing': conversion from 'unsigned int' to 'float', possible loss of data
C:\Users\there\OneDrive\Plocha\WarhorseTestZadaní\space invaders\main.cpp(1019,21): warning C4018: '<': signed/unsigned mismatch
C:\Users\there\OneDrive\Plocha\WarhorseTestZadaní\space invaders\main.cpp(1055,14): warning C4244: '=': conversion from 'int' to 'float', possible loss of data
C:\Users\there\OneDrive\Plocha\WarhorseTestZadaní\space invaders\main.cpp(1056,15): warning C4244: '=': conversion from 'int' to 'float', possible loss of data
C:\Users\there\OneDrive\Plocha\WarhorseTestZadaní\space invaders\main.cpp(1096,21): warning C4018: '<': signed/unsigned mismatch
C:\Users\there\OneDrive\Plocha\WarhorseTestZadaní\space invaders\main.cpp(1114,68): warning C4244: '=': conversion from 'double' to 'float', possible loss of data
C:\Users\there\OneDrive\Plocha\WarhorseTestZadaní\space invaders\main.cpp(1126,84): warning C4244: '=': conversion from 'double' to 'float', possible loss of data
C:\Users\there\OneDrive\Plocha\WarhorseTestZadaní\space invaders\main.cpp(1162,27): warning C4018: '>=': signed/unsigned mismatch
C:\Users\there\OneDrive\Plocha\WarhorseTestZadaní\space invaders\main.cpp(1164,23): warning C4018: '<': signed/unsigned mismatch
C:\Users\there\OneDrive\Plocha\WarhorseTestZadaní\space invaders\main.cpp(1210,14): warning C4244: '=': conversion from 'int' to 'float', possible loss of data
C:\Users\there\OneDrive\Plocha\WarhorseTestZadaní\space invaders\main.cpp(1214,15): warning C4244: '=': conversion from 'int' to 'float', possible loss of data
C:\Users\there\OneDrive\Plocha\WarhorseTestZadaní\space invaders\main.cpp(1221,31): warning C4244: '=': conversion from 'double' to 'float', possible loss of data
C:\Users\there\OneDrive\Plocha\WarhorseTestZadaní\space invaders\main.cpp(1232,16): warning C4244: '=': conversion from 'float' to 'int', possible loss of data
C:\Users\there\OneDrive\Plocha\WarhorseTestZadaní\space invaders\main.cpp(1237,21): warning C4018: '<': signed/unsigned mismatch
C:\Users\there\OneDrive\Plocha\WarhorseTestZadaní\space invaders\main.cpp(1280,18): warning C4244: 'initializing': conversion from 'int' to 'float', possible loss of data
C:\Users\there\OneDrive\Plocha\WarhorseTestZadaní\space invaders\main.cpp(1286,33): warning C4244: '=': conversion from 'int' to 'float', possible loss of data
C:\Users\there\OneDrive\Plocha\WarhorseTestZadaní\space invaders\main.cpp(1323,21): warning C4018: '<': signed/unsigned mismatch
C:\Users\there\OneDrive\Plocha\WarhorseTestZadaní\space invaders\main.cpp(1354,22): warning C4018: '<': signed/unsigned mismatch
C:\Users\there\OneDrive\Plocha\WarhorseTestZadaní\space invaders\main.cpp(1422,20): warning C4018: '<': signed/unsigned mismatch
C:\Users\there\OneDrive\Plocha\WarhorseTestZadaní\space invaders\main.cpp(1438,12): warning C4244: '=': conversion from 'float' to 'int', possible loss of data
C:\Users\there\OneDrive\Plocha\WarhorseTestZadaní\space invaders\main.cpp(1447,29): warning C4244: 'argument': conversion from 'int' to 'float', possible loss of data
C:\Users\there\OneDrive\Plocha\WarhorseTestZadaní\space invaders\main.cpp(1447,25): warning C4244: 'argument': conversion from 'int' to 'float', possible loss of data
C:\Users\there\OneDrive\Plocha\WarhorseTestZadaní\space invaders\main.cpp(1447,21): warning C4244: 'argument': conversion from 'int' to 'float', possible loss of data
C:\Users\there\OneDrive\Plocha\WarhorseTestZadaní\space invaders\main.cpp(1447,17): warning C4244: 'argument': conversion from 'int' to 'float', possible loss of data
C:\Users\there\OneDrive\Plocha\WarhorseTestZadaní\space invaders\main.cpp(1452,20): warning C4018: '<': signed/unsigned mismatch
C:\Users\there\OneDrive\Plocha\WarhorseTestZadaní\space invaders\main.cpp(1454,10): warning C4244: 'initializing': conversion from 'float' to 'int', possible loss of data
C:\Users\there\OneDrive\Plocha\WarhorseTestZadaní\space invaders\main.cpp(1460,29): warning C4244: 'argument': conversion from 'int' to 'float', possible loss of data
C:\Users\there\OneDrive\Plocha\WarhorseTestZadaní\space invaders\main.cpp(1460,25): warning C4244: 'argument': conversion from 'int' to 'float', possible loss of data
C:\Users\there\OneDrive\Plocha\WarhorseTestZadaní\space invaders\main.cpp(1460,21): warning C4244: 'argument': conversion from 'int' to 'float', possible loss of data
C:\Users\there\OneDrive\Plocha\WarhorseTestZadaní\space invaders\main.cpp(1460,17): warning C4244: 'argument': conversion from 'int' to 'float', possible loss of data
C:\Users\there\OneDrive\Plocha\WarhorseTestZadaní\space invaders\main.cpp(1461,49): warning C4244: 'argument': conversion from 'float' to 'int', possible loss of data
C:\Users\there\OneDrive\Plocha\WarhorseTestZadaní\space invaders\main.cpp(1461,28): warning C4244: 'argument': conversion from 'float' to 'int', possible loss of data
C:\Users\there\OneDrive\Plocha\WarhorseTestZadaní\space invaders\main.cpp(1465,20): warning C4018: '<': signed/unsigned mismatch
C:\Users\there\OneDrive\Plocha\WarhorseTestZadaní\space invaders\main.cpp(1469,11): warning C4244: 'initializing': conversion from 'float' to 'int', possible loss of data
C:\Users\there\OneDrive\Plocha\WarhorseTestZadaní\space invaders\main.cpp(1470,11): warning C4244: 'initializing': conversion from 'float' to 'int', possible loss of data
C:\Users\there\OneDrive\Plocha\WarhorseTestZadaní\space invaders\main.cpp(1472,11): warning C4244: 'initializing': conversion from 'float' to 'int', possible loss of data
C:\Users\there\OneDrive\Plocha\WarhorseTestZadaní\space invaders\main.cpp(1475,30): warning C4244: 'argument': conversion from 'int' to 'float', possible loss of data
C:\Users\there\OneDrive\Plocha\WarhorseTestZadaní\space invaders\main.cpp(1475,26): warning C4244: 'argument': conversion from 'int' to 'float', possible loss of data
C:\Users\there\OneDrive\Plocha\WarhorseTestZadaní\space invaders\main.cpp(1475,22): warning C4244: 'argument': conversion from 'int' to 'float', possible loss of data
C:\Users\there\OneDrive\Plocha\WarhorseTestZadaní\space invaders\main.cpp(1475,18): warning C4244: 'argument': conversion from 'int' to 'float', possible loss of data
C:\Users\there\OneDrive\Plocha\WarhorseTestZadaní\space invaders\main.cpp(1480,20): warning C4018: '<': signed/unsigned mismatch
C:\Users\there\OneDrive\Plocha\WarhorseTestZadaní\space invaders\main.cpp(1574,67): warning C4305: 'argument': truncation from 'double' to 'float'
C:\Users\there\OneDrive\Plocha\WarhorseTestZadaní\space invaders\main.cpp(1575,67): warning C4244: 'argument': conversion from 'float' to 'int', possible loss of data
C:\Users\there\OneDrive\Plocha\WarhorseTestZadaní\space invaders\main.cpp(1582,57): warning C4305: 'argument': truncation from 'double' to 'float'
C:\Users\there\OneDrive\Plocha\WarhorseTestZadaní\space invaders\main.cpp(1582,46): warning C4244: 'argument': conversion from 'int' to 'float', possible loss of data
C:\Users\there\OneDrive\Plocha\WarhorseTestZadaní\space invaders\main.cpp(1582,34): warning C4244: 'argument': conversion from 'int' to 'float', possible loss of data
C:\Users\there\OneDrive\Plocha\WarhorseTestZadaní\space invaders\main.cpp(1582,33): warning C4244: '=': conversion from 'float' to 'int', possible loss of data
C:\Users\there\OneDrive\Plocha\WarhorseTestZadaní\space invaders\main.cpp(1597,48): warning C4244: 'argument': conversion from 'float' to 'int', possible loss of data
C:\Users\there\OneDrive\Plocha\WarhorseTestZadaní\space invaders\main.cpp(1598,92): warning C4244: 'argument': conversion from 'float' to 'int', possible loss of data
C:\Users\there\OneDrive\Plocha\WarhorseTestZadaní\space invaders\main.cpp(1598,24): warning C4244: 'argument': conversion from 'float' to 'int', possible loss of data
C:\Users\there\OneDrive\Plocha\WarhorseTestZadaní\space invaders\main.cpp(1600,25): warning C4244: 'argument': conversion from 'float' to 'int', possible loss of data
C:\Users\there\OneDrive\Plocha\WarhorseTestZadaní\space invaders\main.cpp(1601,25): warning C4244: 'argument': conversion from 'float' to 'int', possible loss of data
C:\Users\there\OneDrive\Plocha\WarhorseTestZadaní\space invaders\main.cpp(1633,38): warning C4244: 'argument': conversion from 'float' to 'int', possible loss of data
C:\Users\there\OneDrive\Plocha\WarhorseTestZadaní\space invaders\main.cpp(1635,38): warning C4244: 'argument': conversion from 'float' to 'int', possible loss of data
C:\Users\there\OneDrive\Plocha\WarhorseTestZadaní\space invaders\main.cpp(1641,50): warning C4244: 'argument': conversion from 'float' to 'int', possible loss of data
C:\Users\there\OneDrive\Plocha\WarhorseTestZadaní\space invaders\main.cpp(1643,50): warning C4244: 'argument': conversion from 'float' to 'int', possible loss of data
C:\Users\there\OneDrive\Plocha\WarhorseTestZadaní\space invaders\main.cpp(1645,26): warning C4244: 'argument': conversion from 'float' to 'int', possible loss of data
C:\Users\there\OneDrive\Plocha\WarhorseTestZadaní\space invaders\main.cpp(1649,26): warning C4244: 'argument': conversion from 'float' to 'int', possible loss of data
C:\Users\there\OneDrive\Plocha\WarhorseTestZadaní\space invaders\main.cpp(1690,50): warning C4305: 'argument': truncation from 'double' to 'float'
C:\Users\there\OneDrive\Plocha\WarhorseTestZadaní\space invaders\main.cpp(1692,59): warning C4244: 'argument': conversion from 'float' to 'int', possible loss of data
  leetlib.cpp
C:\Users\there\OneDrive\Plocha\WarhorseTestZadaní\space invaders\lib\dx\include\strsafe.h(5595,1): warning C4996: '_vsnprintf': This function or variable may be unsafe. Consider using _vsnprintf_s instead. To disable deprecation, use _CRT_SECURE_NO_WARNINGS. See online help for details.
C:\Program Files (x86)\Windows Kits\10\Include\10.0.18362.0\ucrt\stdio.h(1400): message : see declaration of '_vsnprintf'
C:\Users\there\OneDrive\Plocha\WarhorseTestZadaní\space invaders\lib\dx\include\strsafe.h(5635,1): warning C4996: '_vsnwprintf': This function or variable may be unsafe. Consider using _vsnwprintf_s instead. To disable deprecation, use _CRT_SECURE_NO_WARNINGS. See online help for details.
C:\Program Files (x86)\Windows Kits\10\Include\10.0.18362.0\ucrt\corecrt_wstdio.h(1122): message : see declaration of '_vsnwprintf'
C:\Users\there\OneDrive\Plocha\WarhorseTestZadaní\space invaders\lib\dx\include\strsafe.h(5719,1): warning C4996: '_vsnprintf': This function or variable may be unsafe. Consider using _vsnprintf_s instead. To disable deprecation, use _CRT_SECURE_NO_WARNINGS. See online help for details.
C:\Program Files (x86)\Windows Kits\10\Include\10.0.18362.0\ucrt\stdio.h(1400): message : see declaration of '_vsnprintf'
C:\Users\there\OneDrive\Plocha\WarhorseTestZadaní\space invaders\lib\dx\include\strsafe.h(5871,1): warning C4996: '_vsnwprintf': This function or variable may be unsafe. Consider using _vsnwprintf_s instead. To disable deprecation, use _CRT_SECURE_NO_WARNINGS. See online help for details.
C:\Program Files (x86)\Windows Kits\10\Include\10.0.18362.0\ucrt\corecrt_wstdio.h(1122): message : see declaration of '_vsnwprintf'
C:\Users\there\OneDrive\Plocha\WarhorseTestZadaní\space invaders\lib\leetlib.cpp(135,1): warning C4996: 'vsprintf': This function or variable may be unsafe. Consider using vsprintf_s instead. To disable deprecation, use _CRT_SECURE_NO_WARNINGS. See online help for details.
C:\Program Files (x86)\Windows Kits\10\Include\10.0.18362.0\ucrt\stdio.h(1469): message : see declaration of 'vsprintf'
C:\Users\there\OneDrive\Plocha\WarhorseTestZadaní\space invaders\lib\leetlib.cpp(968,19): warning C4018: '>': signed/unsigned mismatch
C:\Users\there\OneDrive\Plocha\WarhorseTestZadaní\space invaders\lib\leetlib.cpp(1060,66): warning C4305: 'argument': truncation from 'double' to 'float'
C:\Users\there\OneDrive\Plocha\WarhorseTestZadaní\space invaders\lib\leetlib.cpp(1061,63): warning C4305: 'argument': truncation from 'double' to 'float'
C:\Users\there\OneDrive\Plocha\WarhorseTestZadaní\space invaders\lib\leetlib.cpp(1094,64): warning C4305: 'argument': truncation from 'double' to 'float'
C:\Users\there\OneDrive\Plocha\WarhorseTestZadaní\space invaders\lib\leetlib.cpp(1095,61): warning C4305: 'argument': truncation from 'double' to 'float'
C:\Users\there\OneDrive\Plocha\WarhorseTestZadaní\space invaders\lib\leetlib.cpp(1121,64): warning C4305: 'argument': truncation from 'double' to 'float'
C:\Users\there\OneDrive\Plocha\WarhorseTestZadaní\space invaders\lib\leetlib.cpp(1122,61): warning C4305: 'argument': truncation from 'double' to 'float'
C:\Users\there\OneDrive\Plocha\WarhorseTestZadaní\space invaders\lib\leetlib.cpp(1160,64): warning C4305: 'argument': truncation from 'double' to 'float'
C:\Users\there\OneDrive\Plocha\WarhorseTestZadaní\space invaders\lib\leetlib.cpp(1161,62): warning C4305: 'argument': truncation from 'double' to 'float'
C:\Users\there\OneDrive\Plocha\WarhorseTestZadaní\space invaders\lib\leetlib.cpp(1351,66): warning C4305: 'argument': truncation from 'double' to 'float'
C:\Users\there\OneDrive\Plocha\WarhorseTestZadaní\space invaders\lib\leetlib.cpp(1352,62): warning C4305: 'argument': truncation from 'double' to 'float'
C:\Users\there\OneDrive\Plocha\WarhorseTestZadaní\space invaders\lib\leetlib.cpp(1408,20): warning C4018: '<': signed/unsigned mismatch
C:\Users\there\OneDrive\Plocha\WarhorseTestZadaní\space invaders\lib\leetlib.cpp(1429,20): warning C4018: '<': signed/unsigned mismatch
C:\Users\there\OneDrive\Plocha\WarhorseTestZadaní\space invaders\lib\leetlib.cpp(1472,20): warning C4018: '<': signed/unsigned mismatch
  Generating Code...
leetlib.obj : warning LNK4075: ignoring '/EDITANDCONTINUE' due to '/SAFESEH' specification
  leet.vcxproj -> C:\Users\there\OneDrive\Plocha\WarhorseTestZadaní\space invaders\Debug\leet.exe
